0 info it worked if it ends with ok
1 verbose cli [ '/Users/arobinson/.nvm/versions/node/v6.9.1/bin/node',
1 verbose cli   '/Users/arobinson/.nvm/versions/node/v6.9.1/bin/npm',
1 verbose cli   'version',
1 verbose cli   'patch' ]
2 info using npm@3.10.8
3 info using node@v6.9.1
4 info git [ 'status', '--porcelain' ]
5 verbose stack Error: Git working directory not clean.
5 verbose stack M .babelrc
5 verbose stack M package.json
5 verbose stack M src/actions.js
5 verbose stack AM src/actions.test.js
5 verbose stack M src/helpers.js
5 verbose stack AM src/helpers.test.js
5 verbose stack D  src/reducer.js
5 verbose stack AM src/reducer/error.js
5 verbose stack AM src/reducer/error.test.js
5 verbose stack AM src/reducer/failed-count.js
5 verbose stack AM src/reducer/failed-count.test.js
5 verbose stack AM src/reducer/index.js
5 verbose stack AM src/reducer/status.js
5 verbose stack AM src/reducer/status.test.js
5 verbose stack AM src/reducer/test-helpers.js
5 verbose stack AM src/reducer/timestamp.js
5 verbose stack AM src/reducer/timestamp.test.js
5 verbose stack M yarn.lock
5 verbose stack     at /Users/arobinson/.nvm/versions/node/v6.9.1/lib/node_modules/npm/lib/version.js:247:19
5 verbose stack     at /Users/arobinson/.nvm/versions/node/v6.9.1/lib/node_modules/npm/lib/utils/no-progress-while-running.js:21:8
5 verbose stack     at ChildProcess.exithandler (child_process.js:197:7)
5 verbose stack     at emitTwo (events.js:106:13)
5 verbose stack     at ChildProcess.emit (events.js:191:7)
5 verbose stack     at maybeClose (internal/child_process.js:877:16)
5 verbose stack     at Socket.<anonymous> (internal/child_process.js:334:11)
5 verbose stack     at emitOne (events.js:96:13)
5 verbose stack     at Socket.emit (events.js:188:7)
5 verbose stack     at Pipe._handle.close [as _onclose] (net.js:498:12)
6 verbose cwd /Users/arobinson/Code/zendesk/redux-status
7 error Darwin 16.7.0
8 error argv "/Users/arobinson/.nvm/versions/node/v6.9.1/bin/node" "/Users/arobinson/.nvm/versions/node/v6.9.1/bin/npm" "version" "patch"
9 error node v6.9.1
10 error npm  v3.10.8
11 error Git working directory not clean.
11 error M .babelrc
11 error M package.json
11 error M src/actions.js
11 error AM src/actions.test.js
11 error M src/helpers.js
11 error AM src/helpers.test.js
11 error D  src/reducer.js
11 error AM src/reducer/error.js
11 error AM src/reducer/error.test.js
11 error AM src/reducer/failed-count.js
11 error AM src/reducer/failed-count.test.js
11 error AM src/reducer/index.js
11 error AM src/reducer/status.js
11 error AM src/reducer/status.test.js
11 error AM src/reducer/test-helpers.js
11 error AM src/reducer/timestamp.js
11 error AM src/reducer/timestamp.test.js
11 error M yarn.lock
12 error If you need help, you may report this error at:
12 error     <https://github.com/npm/npm/issues>
13 verbose exit [ 1, true ]
